e:\important\uchoba)\aois\lab3\debug\vc142.pdb
e:\important\uchoba)\aois\lab3\debug\vc142.idb
e:\important\uchoba)\aois\lab3\debug\lab2functions.obj
e:\important\uchoba)\aois\lab3\debug\lab3.obj
e:\important\uchoba)\aois\lab3\debug\lab3functions.obj
e:\important\uchoba)\aois\lab3\debug\lab3.exe
e:\important\uchoba)\aois\lab3\debug\lab3.ilk
e:\important\uchoba)\aois\lab3\debug\lab3.pdb
e:\important\uchoba)\aois\lab3\debug\lab3tests.ilk
e:\important\uchoba)\aois\lab3\debug\lab3tests.exp
e:\important\uchoba)\aois\lab3\debug\lab3tests.pdb
e:\important\uchoba)\aois\lab3\debug\lab3.nativecodeanalysis.xml
e:\important\uchoba)\aois\lab3\debug\lab3functions.nativecodeanalysis.xml
e:\important\uchoba)\aois\lab3\debug\vc.nativecodeanalysis.all.xml
e:\important\uchoba)\aois\lab3\debug\lab3.tlog\cl.command.1.tlog
e:\important\uchoba)\aois\lab3\debug\lab3.tlog\cl.read.1.tlog
e:\important\uchoba)\aois\lab3\debug\lab3.tlog\cl.write.1.tlog
e:\important\uchoba)\aois\lab3\debug\lab3.tlog\link.command.1.tlog
e:\important\uchoba)\aois\lab3\debug\lab3.tlog\link.read.1.tlog
e:\important\uchoba)\aois\lab3\debug\lab3.tlog\link.write.1.tlog
