e:\important\uchoba)\aois\lab2\debug\vc142.pdb
e:\important\uchoba)\aois\lab2\debug\vc142.idb
e:\important\uchoba)\aois\lab2\debug\lab2.nativecodeanalysis.sarif
e:\important\uchoba)\aois\lab2\debug\lab2.nativecodeanalysis.xml
e:\important\uchoba)\aois\lab2\debug\functions.nativecodeanalysis.sarif
e:\important\uchoba)\aois\lab2\debug\functions.nativecodeanalysis.xml
e:\important\uchoba)\aois\lab2\debug\functions.obj
e:\important\uchoba)\aois\lab2\debug\lab2.obj
e:\important\uchoba)\aois\lab2\debug\lab2.ilk
e:\important\uchoba)\aois\lab2\debug\lab2.exe
e:\important\uchoba)\aois\lab2\debug\lab2.pdb
e:\important\uchoba)\aois\lab2\debug\lab2tests.ilk
e:\important\uchoba)\aois\lab2\debug\lab2tests.exp
e:\important\uchoba)\aois\lab2\debug\lab2tests.pdb
e:\important\uchoba)\aois\lab2\debug\vc.nativecodeanalysis.all.xml
e:\important\uchoba)\aois\lab2\debug\lab2.tlog\cl.command.1.tlog
e:\important\uchoba)\aois\lab2\debug\lab2.tlog\cl.read.1.tlog
e:\important\uchoba)\aois\lab2\debug\lab2.tlog\cl.write.1.tlog
e:\important\uchoba)\aois\lab2\debug\lab2.tlog\link.command.1.tlog
e:\important\uchoba)\aois\lab2\debug\lab2.tlog\link.read.1.tlog
e:\important\uchoba)\aois\lab2\debug\lab2.tlog\link.write.1.tlog
